7.559526299369238 7.559526299369238 7.559526299369238 5.0
6.96507300863558 3.686542745233384 3.517224787570759 0.32661831175749184 -0.41411814738705843 3.8344262796288597
3.476771924808994 6.2519308857412685 2.86400832324836 -1.9459574675226614 -2.014211988450079 -0.9573757056132843
7.2101417471395575 6.623510832651085 1.530371316752136 1.8270345128432794 -1.6091764542951936 1.2280711445193218
5.294590640155521 2.974829734185152 2.603896120852806 1.4939637838537918 -2.104086911457509 -1.351871980304872
5.486661106549772 1.332150934829664 6.9257798731801525 0.7959225666653472 -2.3554059994507184 0.36160461423495893
1.7123072726702595 0.9421478610087568 3.045787674581853 -0.16796992843648345 0.21497611526296775 -2.2010181758164378
0.3990869358060509 6.287219004618336 6.994574369003679 -0.8002982556563643 0.8807874292427645 0.5962749830411698
0.24818952735465763 5.258198862095197 3.535796655346878 -0.8638648156083263 1.3050833821611072 -3.1597210603056762
4.7843494666075435 5.429361922460314 0.22502605452598853 0.39287495417354346 -0.3481957816634769 -2.8040508583448243
3.494302743752223 5.542140416155623 7.5146223057467365 0.8826583821210613 0.12511724374856778 0.9463745142756217
2.69115948556778 3.0042789369820495 4.931370712816363 5.1959030356752836 -1.9634406110765996 1.2428220688113734
1.492352463323268 1.3222879325521346 2.0534868576915453 -0.018058490931040293 0.5825237196204782 0.8505475314550349
1.1431385066369386 3.9445445215651787 5.619055169640876 -3.4474040994474864 -0.7702647046745951 -0.616115816813143
2.2371562530660856 6.425274636607627 1.1203723115810655 2.0797020087630953 -0.9551297602403648 0.48980346521450124
3.0991058867540264 0.46845384641559507 2.458829116801857 1.5094503043943288 0.8268584104333706 0.2855846494656007
4.799452527624318 3.0803541923681896 6.576474360879687 0.6456355662662335 3.74223176442121 -0.8720263770235517
7.398478285783041 3.309602417829994 5.754260644521553 -0.8175621971605229 1.3454534294200033 -1.9061436806510499
5.478374655771435 1.1016287740145603 1.7700393616986392 -0.25054313400250927 -0.25471277694432237 2.212625833822607
1.5031113152922126 7.201208293953822 3.9658170779111024 2.646516749384533 -2.4392944934654093 -1.7429498803378862
0.6316789905992591 6.54558420326463 0.873286967809947 -1.360497008627106 -0.8051630178063675 -0.5933438261133075
6.54489884299068 6.0654573496051185 4.590068047695814 2.5435106152726026 1.5879433175843805 -1.6062570360743071
6.140549225240193 4.7429216524932505 6.552668931854337 0.7290462473683341 0.5264328118316792 -0.013999799668772822
4.136898683502394 1.6985799983870666 6.452134986291618 -0.02083824227098182 3.3075777213001833 -0.39824175283306984
6.136974403041631 3.9261396331342655 0.27858019863596006 0.06007939204937768 0.22766033554265788 2.07517972771647
3.927592036126994 6.333212383341919 1.378983845874652 0.4350837033747623 -3.0101738465008654 -0.37695578523513107
2.253869051771056 1.652887041987533 3.6492646124803945 0.7645971900982129 -0.4121963211730394 0.09293939363508094
3.216854835726778 6.2343809764524805 5.5425530764840225 -0.9897739002856392 -2.5031947107317887 -2.7288182893388613
6.024091451964004 4.735651280713005 2.562952803815627 -0.6053540870378746 -1.7069088441149198 -1.582709006771374
1.7110432889438032 2.896033087399092 7.186887267585186 -0.9362420018473953 -1.6973272138907491 0.26417677050502747
3.7515498314760065 1.4079982418916475 4.2570404783572755 0.6968487176386928 -0.00516512094852762 0.34239484889645516
6.897703999613476 3.9513818693035447 1.2481116298224653 0.058608389946137034 -1.8680366160625759 1.884191294530661
0.6799132632078583 1.2480013737785693 3.1777626061424424 -0.32186012889983656 -0.8637631445937332 0.8860149821297498
5.7399384016184385 0.682071685901491 4.119597634051966 0.7873024044097755 -1.8269382729365544 0.5042822065357646
6.97707179827572 3.1501584599546213 4.813549607526651 -0.20073696749515585 0.38229617455882625 -0.6898913782591306
4.094262950361824 2.977769526369243 7.516725541979234 1.3639337415445962 0.35013016946033615 0.33811771426374937
0.45357474638620926 5.80819167948407 2.639675083310575 -0.9251962739683262 -0.20190576089190196 2.2573707342693545
5.008286884710633 3.471867797504173 4.546666528855252 1.5004465014892423 -0.7055404432185228 -5.0630030286168655
1.4144608071208535 3.4050555365635784 3.366407174237607 -1.7903142304119013 0.822949496314092 0.37080452940257
6.822518212089497 5.93389164261651 7.017880256152346 -3.643501178043735 0.9921246487612049 0.087271265502175
5.181208065774655 3.3293987957345537 1.3445813121435064 -0.19219066880015917 -1.659505706167778 1.6572402987161545
0.696421695674606 0.5375484127504662 2.287632017656765 2.003061998232575 -0.3881823052573646 0.8019422985807323
2.467422823888246 4.570427717293245 4.447143811201582 -1.1172285851393298 -0.7475141843430602 -0.8779811790271206
2.154945411491732 6.408187428521434 4.230925624264564 0.8599405176069068 1.259800956166204 4.302403536448396
2.6978680863737474 4.417208914269026 2.236228356407583 0.579500963920792 0.2428052646020144 -0.13692498098301387
6.256121719749348 3.346532251088742 2.849015351530111 -1.1813496513403052 -2.2670369776449952 -0.44273605107963543
1.9570236123487434 0.031561949954997344 0.8893244811783751 -0.6156391004046748 1.8331959652805345 1.3574294219091423
3.335821157027253 2.2178871756599445 2.394347586042935 2.0460384994681062 -2.2260439608713547 3.2985060068956114
2.720295724770067 5.423220747767448 2.0631564787368974 -1.5556788620780944 1.0873649221601156 -0.2019112714055673
0.13699195457675004 3.325288699361129 6.805070124967086 -1.232417144522835 -0.1211651902899957 -0.48266342357934744
3.0155661469904986 5.509822732855097 4.083139722224725 0.9655826827050747 1.1660446822325228 -0.020463273438128135
0.9955536587789224 5.034055115303228 1.946530427453252 1.4244234644432254 1.1620160723228392 -2.3538141093063003
7.008342279468592 7.169763420586309 6.5118450728259445 1.2554952541425928 -2.4390479351839893 0.19185615551990287
6.652967980637146 0.7144365147737128 3.4944667434029735 2.0508333612851546 -1.3811302063048405 -0.26354894699236714
3.358785610997391 3.5952407118831435 0.3601344112427372 -0.6390450462645992 1.1562020674681708 1.5092607502305917
2.5245915947129123 5.334096556026503 0.7839400034227876 -1.6963663514168252 1.239886514583504 0.5238768120361934
3.5367979921333186 4.09225071572579 4.79545758083845 3.05223860151848 -1.0186720924763328 -1.9796468505465672
4.899511443148326 5.95292067522767 1.961007236236991 -1.6815498635848323 -1.8867694744332877 -3.1197708235107684
0.25152304840251233 2.7650517781487447 3.6269399134691036 0.04064254570510665 1.920025805562466 0.2951109082139617
7.2958058971793545 4.014707626738739 0.31517054470815875 -1.3194311587155543 0.7034873795878126 1.2834610927053123
7.38216003238303 2.700575893001573 1.0106746095289219 -1.2099938260058825 0.8712647439246068 0.6155686922502875
3.8523685526199394 5.208164983093879 0.8543139735277453 1.9780319658835839 0.2302239345679644 2.653319036443313
3.1869306456865143 4.442897180980018 0.974521966065915 1.1870949346828716 -0.2274823951448952 0.9640532246081819
2.7092540787712824 2.385713695553561 0.49315359516670093 -1.8442319605602506 -0.4052798441494354 -0.10855359797713585
0.9989463481422176 3.610407713994 2.522800094549949 -1.2364679697861956 -0.4679506258077143 1.541080413002209
0.6714071390938975 1.353648204444806 6.9213260225175 -0.03511157298472209 1.6116120556670719 -1.8031977088648823
5.345198770522815 7.450658503165596 4.940537130213817 -3.3349371776132797 -2.5160203130127345 -1.8374784846835714
0.5109490990127811 0.22027147920588303 3.597959470620164 -0.8243241836247173 0.6090873960970549 0.2307958985123914
5.5401833335167225 1.2795023449769551 0.5147024249263977 -1.1314984772287204 0.8998498452118205 0.6316394343847425
7.29574371125733 1.693962250598586 4.312199054727243 0.3422061092953437 -1.79545910426333 1.886749078320872
4.072459038908202 4.702231059643077 7.488973370706248 0.8001882544576508 -0.45568609554687634 -1.2937471027747076
2.967240602692927 5.8282749000078615 6.728567091222921 1.483783028473456 3.6730020776619705 -0.19368028951370486
4.636387202509068 4.818543580071309 2.4783255350038216 0.456708980952081 -4.764201611511038 -1.2785509710638479
1.76516204497177 1.2730151141738788 7.162830483222943 1.4127462489980755 0.8863698957380768 0.5399227242125966
0.6184941873491746 5.290816124557932 7.134300878126835 -0.760861939191873 -1.6637548343707018 2.139663775509832
5.743775071460072 6.051950009661443 1.0183841495362531 0.37108751079129254 -1.362753724847353 -1.5869087504203427
2.496714436787856 1.4657726621680789 2.4018924034939086 0.25363921923249577 3.5535890773051384 0.518374658383489
0.8611410417025144 1.799554700894231 0.48767548308479597 -2.686765816595562 -1.3029351438337824 0.9700975042415593
0.06352717584860833 1.519304456512193 1.1771010505473676 -1.467910725470309 -0.9504517617915111 -1.7747116221681363
0.4256365968916366 2.4475521939297935 7.27267549947949 0.5195316000519022 -0.5074390828931369 2.1117345723551013
2.2332633953138235 1.78308345559238 1.4549260380772868 -0.37865483838080427 1.1331484788358237 0.744265634854703
0.4377397703549052 2.1986720826229833 2.7159642768559853 -2.458249856965582 -0.6182951338273911 -1.252836884632595
5.321483471580075 5.951704840261332 6.013886387498625 0.7608381325480233 -1.5172128824099493 -1.3800777729700875
5.4906968840398385 7.026714296607848 2.3076497301588557 0.4288159892370282 -1.8029074321722038 -2.1647313587018644
4.4716521506979205 0.5463547296636968 6.755800258564062 -0.3145893088094384 -1.0128828513427486 -0.4355219153317151
2.4837880259227374 1.1651256037719482 0.4058780073148358 -2.5852601586498984 -0.3534209809948487 -0.7681020118663311
4.3852723984361495 3.9887776667527763 1.694913551411071 -0.9850027874024376 -4.658688795850997 0.3677096855016881
6.758384814139823 3.9713848401552583 6.968346560595262 1.9712205593313443 1.01318724825549 -0.3587563176923218
3.801913049242102 0.15578971458941598 1.6310760115464586 1.6251834065532298 0.8755685852474238 -0.8771257085119345
2.8564414138021657 3.6793965871926155 5.726112918116638 2.9931826985299153 0.6315438502573368 1.5190284697507654
4.3064378432447095 6.868749953732477 4.261866121588485 -1.5180339865496195 0.5834650539820365 -1.6263332938090216
2.241907728207327 7.305289681591906 2.7011069245135917 0.565163258983639 1.0324988900802892 1.2111906790890696
0.15627039883753702 2.1280159421826235 5.392906337298925 0.14598144217964515 -2.61342014665892 2.3301661233915008
3.4359739903572257 0.09900884004931296 0.29391608328103114 1.2551089083938498 1.8714113922999236 1.2953688667066396
7.532227450223534 0.400749881358831 1.1603720358186884 -1.5208478040727755 -0.08793826201853773 0.5028422045022798
5.344157450935128 2.9581104454744205 0.04850075496591931 0.7393971042244364 2.0100882948167555 -0.16570283030665375
2.371294027608829 4.521684611204262 5.444427284781823 1.6622690126755708 -3.394897229795623 0.3404853116130563
0.6756722888900475 2.7475696623623573 6.159604016454374 1.4071141682597084 -2.335298067043058 -0.3600125826345472
7.27356797087832 1.321274373501717 2.371049422458523 -0.22324225577335882 -3.7105466640521487 -0.10636743325306472
5.43151607286608 2.608463158716552 4.3256540145066795 -0.22449635617349403 -1.925423695671386 -1.047040981134006
4.587561811124657 0.6484833270318349 2.899505274598458 0.8889575127864139 0.08869829981049425 2.091822256961498
4.620236875393234 4.862468293985039 1.3582246531760653 -1.3477772954276517 -1.276740314199548 0.4736524552585404
2.1127267768195823 0.8441294441584866 5.250295591836348 -0.16421410576876716 0.5027910551212682 2.694077137327885
3.464237159425292 3.354160842190631 2.170585643161613 -1.6661973489582713 -3.247137245745841 -0.20204260735499943
4.611502752994646 1.2443138589754195 0.13010011201345917 -1.672902516053386 -0.49175022093273274 -2.1208929859799635
7.47971250199871 0.5711397520011099 5.892113141986658 -0.015261386197274754 1.2906887197572874 -1.8758506813555953
6.280837272929918 5.352287329977912 0.479816021690232 -0.837599013695598 -3.5235934711377808 -2.9269591673819413
5.433239585416784 3.49400058313025 3.699258724137149 -0.0644879607707553 -1.2008370761875913 -2.4036102209337784
1.1102737107309866 5.6127380391384 0.8058272514841205 1.616977738011794 1.409140182492954 -1.6489947931707696
4.424277836157395 2.734052450479157 2.255413320366459 -0.9235179408929721 1.131103732931068 2.0251654796422685
1.7913123096383146 6.96864417462776 1.8693807784390577 -1.8466371635267487 -1.0296774889109286 1.0227499427921822
2.2835095283804976 7.140105571473704 7.206217717977595 -0.19218423253907474 0.9645157560369015 0.8840504688124654
4.9786015629153875 2.1888012569990987 7.307460095214781 -0.6029866684619368 -0.15273704567240384 1.6155380398769017
0.8390883097382121 3.5828657224671248 0.5375692077974821 0.015953587015027516 0.9978493827143499 -1.3448424826334175
3.03583916027238 6.710137719546724 4.716282743806587 1.8610779759492961 2.475051751952317 0.12106963433039937
1.4039604788736195 0.888229894394696 0.9648216963498937 2.0424334280059075 -0.04405909717450769 -0.2863593958946103
1.644237514420111 4.2980161812955675 2.1228536387328143 -1.9799599369886607 -1.9452795099376035 -2.274894100534925
2.358109196566022 6.096040622209623 3.2215132054413194 -0.3439946469344318 1.4904226723089775 -0.7960329561925116
5.741537201309124 5.260014494846439 4.07585482347568 -1.2196067908334607 1.1501361587588186 -0.006077187897569105
6.53365329347402 0.4483853994578573 6.626464714783471 -0.8554492269070113 -1.3185492840889954 0.2917264443679294
0.9715738448062516 4.129234480842477 4.198393788406913 2.0140669316892588 0.1655027784838992 -1.1598225217330542
0.7238981935370465 3.0343926946376945 4.652782689476195 0.15744168220650273 -0.23048299718322646 -0.6754526317906796
1.4993801329778544 3.860686064588959 1.1751378522587115 0.6563397763511719 -1.1859072957821528 0.7511953791792123
6.216606915644263 2.5654909551747482 3.686748290392257 -0.896471117299679 -2.315915630098883 0.8417844708007852
3.922643552000315 0.7959706929400949 5.237406415862948 0.8034257087448016 -0.48924087155892526 -1.4154591310121372
0.21469630051972707 4.205891006267632 6.214920640181964 -0.5324696958283823 -1.0983503526843021 0.831438604816423
1.0980521331431479 5.7854816764866985 5.185623940035154 -0.24706119786117298 -0.49615262880485783 1.7345872897091785
1.3105733981015173 2.3126433597645693 1.4771562730722325 0.7945430517032652 -1.561119298934008 2.398738871023159
3.6514272756509545 3.0910787061124996 6.4013618519755875 -0.330509632362182 -0.5726685259950642 -0.9704051965801858
7.31240079601313 1.1507109346473126 0.2237541099597997 -0.40348411439694964 -0.017895844995094487 -1.8955352641284684
0.5386342174861752 4.2734727851756755 7.219653890291881 -0.6640804184978027 1.0613675901556434 0.355179787181778
5.651755640896004 5.5789229145192 6.8951274171840415 -0.7621317972817 -1.084771478518597 -0.2914868006226242
2.9137288823845813 7.453343001375558 5.836246002453957 1.4195576850818319 1.4948139556172908 0.667392792372907
1.3571767839378055 1.5865569614041142 5.70242431561018 2.2078166863237656 0.9077357482087443 1.2183027005259501
3.7869817411293583 5.281098391705374 2.182693396397648 -0.286266486900697 -0.1840486590750118 1.5840465144102012
6.214666084531383 3.1276938393256066 6.806048770817426 -1.3654499133459013 -0.5742073709567446 -1.4420700394187211
0.5039974612400574 7.542949765446049 4.715572413106095 0.36165663589014235 0.36507985677873284 0.6672401269879106
0.15370395829891007 4.412237042838146 5.2751945493826 0.3617461595737291 0.46643667696855157 -1.5685531636369516
2.1098546975154746 6.822425269522192 5.9010679113216575 0.41988784346366936 -0.4557033107280917 -0.5454224435906863
3.475354807069366 2.0865321309264733 5.209245770058251 0.05654004817533277 1.7897041166225152 -3.539293589637048
7.528079377642744 0.19557883085686215 0.1828906163960019 1.8016622414972396 -0.3291332715530034 0.5265599050186699
6.147630884495852 4.308656222849433 3.5752188207285482 1.3074974508214305 -1.6921657160574777 -1.125562107233217
3.447882536817609 4.84312853479664 6.790255521904445 0.32014267853297984 -1.0773441334375238 -3.1736338865358156
4.331131053097188 5.366940828819513 3.2919926444051346 0.8806070450405814 1.8642073980831877 0.37359234180864
5.064938710356975 4.043306836224788 0.6635562809763782 -1.5838709479743114 0.8511900916181729 -0.09580806842109513
3.9085900032647216 4.116082772150067 3.2766437509191024 -2.4451229057412833 -1.0495059087065175 -1.3455951379897797
5.271371307735045 5.010695567146861 5.315935521368219 -2.534519068088977 -0.18178203085866737 -0.9398842882964004
4.00520607685165 5.5952861263999 5.379390197637179 0.49535000024701653 1.3240394685054788 -1.020994345461111
3.8396542320041975 6.681744819212675 0.11304396519464303 -2.552203630248914 -2.6622453451175123 -0.6546825690423176
7.018559797535718 3.419764559603034 2.108394710448004 -2.5493806897833893 0.6987881613903313 -2.8250379964813943
3.6942605193478735 1.6630533221091093 0.07502531682472897 1.8257278506686505 -1.5126946395610938 1.6965528407802628
6.543254260654 2.2318684258723076 2.8515119050687594 3.3037217003974195 -2.0509074213143634 1.579356006760005
3.939917739796167 6.961940123786002 6.044743835026553 2.9115404515998953 2.841852390890312 0.4676947879277146
0.19034173702105373 5.814122892328745 1.6955859374086169 2.63275620131435 -1.8556557855044253 0.09929317131269448
4.949389408586565 6.061500026170557 5.095208439330591 -0.7679079600935803 -0.43538372284315563 0.09895784821007263
4.884411862154796 6.533977363686004 0.2042166657867279 -0.279491561601473 -0.8253714400827238 -0.7620262819148798
4.476285338327407 3.434785189886708 2.9221177266698883 2.216553475377178 -0.7662712208284709 2.953578895280041
5.882592410410494 4.325393657779012 4.865174516100831 -1.7281022740484744 -1.8871673181856452 0.3595807709004079
6.089542993605861 6.716757733743175 5.574160656108165 2.747078129842356 3.1065460207348248 0.9648718604668433
4.869953471856568 1.717052405855988 4.2172955295685846 0.6363210782831056 -0.35663221620107194 -3.254657620172849
3.0274614275111342 6.992602517745777 2.2036121937850175 -1.1658814836210736 2.813548975832007 0.7941543995916511
3.605499753642846 7.500267227533729 4.05452813438711 2.6970679600054828 -1.6655669508037052 1.1508026972873497
3.427239958198008 0.883757752103016 0.9183158778216153 -0.4360947482088774 0.46067180290550597 0.030169201050405534
1.7143783491712843 4.9446239352478125 1.2042929342918547 -0.5792309209578624 1.521103943409096 -1.0189695433185093
6.914059189420089 3.0444972124239262 0.15290387173772796 -1.0318084810813275 1.3205606186508456 -2.397586879935037
5.949958502689589 0.6455881228580285 5.346383062132241 1.845803600233775 2.1120381485673176 1.514409209186258
5.509428988053618 2.514062857696425 6.192635074510134 2.253874977226666 -0.8222201844891792 0.0028893669854680865
2.714094690870245 4.793497937126639 7.483693048526838 -2.0680700899388595 1.2566475825501173 -0.2901784695246027
4.531272486246549 5.227162677914803 4.499569802319153 2.234893231846314 1.509377374685833 0.41440690253595774
0.05711159136181039 6.698126457745782 5.049679666566933 -3.5179175518275443 -1.0957461055512898 0.547660920677062
4.932444549124287 6.833500616043953 1.1612129614808464 -1.706054061547474 0.6331503674194118 -1.9150539313906625
1.8532185191157462 5.683226534967405 2.149717248269046 1.622949815891416 -0.15092138414784412 0.11065199811321749
3.1988170913690768 6.196690491207078 0.7761214000142518 -2.8661814070250324 0.9905816701993471 -0.39688638736070203
7.462684693982857 5.2355421642860644 0.1705219647054724 1.985665577076607 -0.1493245004150896 1.016888341802136
3.892779168989599 7.32139360599674 5.024828476660519 2.2815225165940745 -0.5512570026031147 -3.9441056095682727
4.716430859934201 0.3244765324704316 3.953523841569898 0.39885953561825693 1.5602223178151593 -1.4590676688516317
5.460601398988573 4.486504632609621 7.477957174162864 -0.12326605883301153 -0.56317061384472 -2.944191901607481
6.609149403306881 7.166594005458667 3.7281671720448246 0.04635599425118582 -0.3135545074507551 1.5052180182099153
5.85867391960366 6.558715813704875 7.163957569830555 4.6321686515569 2.5019255941447316 0.13999047068182807
7.12241927651551 0.2308485153388574 2.568663068591297 2.093022267798231 -2.3779919451578517 3.1790326028193414
6.5830443590569 1.8537069318114798 1.6866856549126938 1.1224206400818122 -1.202234117834039 4.14636197776712
0.6017829844325325 6.3596633707320445 3.942900127246557 1.7801680297243898 -0.028272481460601136 -0.5936013541500846
4.7620587428338315 1.8043920392250012 1.7731680929740086 -2.6855452690947255 0.6133254027204391 1.4734403500557194
1.5937942203000852 5.873763470832745 7.241209961277991 2.0052976211306195 -1.0753714556522336 0.4578538980165851
1.0288703138202637 1.286945046198812 4.368212847027189 -0.32554747340537266 1.3921690648836544 2.7947729162516337
6.444045363665292 5.652092629363888 5.847123024788866 0.34008423874663246 -1.8348905512896347 -1.6493153741047726
4.697427339726679 0.05674539765811189 0.3335946631790974 0.01935789193845873 -1.8763234769923485 0.24844904844784962
0.8485083961675728 7.207879423812726 0.21387550023858165 2.9312580860252453 1.0821624138671668 -0.11573638732557276
1.7610268363767394 2.6266035032965047 0.6152686852165289 -0.037209010824726774 -2.576793732503028 1.6689244667428196
1.161771917550886 6.283427061654116 6.322067593034519 -1.0995148080373016 -0.01410541905481636 -2.690691859826117
1.9271833220783439 4.965431567885504 2.859930603089159 -0.30719179151939413 -1.6268420792623228 0.2869867153059144
6.724344550645651 5.643050099010905 2.250371775069962 -1.303805543787451 -1.052524367246122 -0.9949992404455419
6.683246783382037 1.1084606623613555 1.0038589591250926 2.5870113235100423 -0.20931741003046989 1.320851865153674
6.639188591123275 4.375076368785389 5.599471153720255 1.0940451890416683 -1.5842795903292444 1.7720289580486654
0.5576388013627588 4.219665214996809 3.326120154822701 1.284161772206555 3.916903735618544 3.1385881642183655
1.9788521354480413 2.593860981676135 2.7898099880753944 0.015398826582550845 -1.3950947475233886 0.33740898209587245
0.5323935728405691 3.046502972609955 1.8240244213526733 -1.416235061948462 -2.0989445733164778 0.14270275552453984
0.2073270307301662 4.33705698987094 2.15177286390975 -0.7017228236014337 -1.9089528236181208 -2.6191350244339198
2.469187507898524 3.4845869862676007 1.685172200829715 -2.728681165512776 1.0780710883627365 -0.9384388144953646
6.423789119138718 7.485255887400582 1.669446675675514 -0.18122838501830188 -2.8562915758898013 0.4911244359474844
4.173869641040012 2.846657280399838 5.484199654775101 -2.347891758903229 1.3819485303682886 3.419673082259611
2.6198961748734275 5.4433243662190485 5.106652813554074 1.6297913582941828 -1.1503173688543369 0.1668136275295226
2.381554593040258 3.4850020652266447 2.7822727127367552 2.7879593539294807 -0.6806115013634235 -0.2615916924189261
1.831210172267677 2.4309418251814305 4.319468645858964 0.9205435865448179 -1.5666110828358537 -0.7848016148994165
4.35534527659762 2.3126509476145785 3.1337443402644625 -2.5099455317932415 0.2638485800052266 0.5715037241107599
4.423526323285084 6.899849254822895 2.9349353304584254 -0.31573377782235185 -1.7257011647743772 -0.23751813818829057
3.4152577706413134 0.8128080406528112 3.2734036654644685 0.15125320203466347 0.09393293793614362 -0.84038837441969
6.763334901356461 4.875302733656541 4.289894592744195 1.457839636592937 -1.3738062616081035 -0.16314709990617882
6.769594284629989 2.6417667711120236 6.191501481498501 1.101061014709996 -2.2483931103031414 -0.879116146759976
2.356551725919616 1.9316014905610328 6.167517861899621 -1.2475273915021483 0.7713514375751842 0.1295930077496184
1.8295549333933452 3.934670145010847 7.301293888913497 1.4023058615839583 2.1124322261320088 -0.8023749936529111
0.8713389815334195 0.23316129425147247 6.6819971712841495 2.6700478359925333 1.1824416680190815 -0.909402066854304
2.1000158905731805 0.5928929513053427 6.391869312316474 0.5354567205420873 3.2446804618691107 -1.8827275476631746
0.01996681354986543 6.741916119584516 3.00418162889021 2.1551729812049567 0.6808495642947023 2.4982227304661304
3.5946380288698534 7.389945327107803 6.892477368461291 0.8152345218896441 0.34697033022571694 2.0443690602888602
2.063507304259714 3.5797485943515146 4.355586168880462 -0.8936961462627381 2.0892129311425 -3.2375853799205374
3.9385941236969435 1.9587726488058281 1.0335497399036446 0.10175840243661473 0.8290252557596988 1.8259253631672705
