7.937005259840997 7.937005259840997 7.937005259840997 5.0
3.3295196672308194 6.423701764192109 4.06212753078813 0.2425148909790293 -0.629460391740078 0.858289571154173
0.010817149993885538 6.25204090876499 4.026711656318408 1.5918398939907568 0.6138756327434342 0.8057113704665116
4.209602719650923 5.435415971869613 3.386079657535146 -1.6542528904675167 3.157688839015093 1.1435088762010588
1.513142161100688 7.34717432000918 1.1640421966661099 1.2948533749490292 -0.9210037181744269 -0.12672688711590113
7.424277508675466 4.735381749449776 4.2411110795557905 -0.4903685165752068 0.020639155251604487 -1.1325348460859392
1.9452422766043762 6.3192552059405696 6.116273281703142 -0.30028983041647545 1.93836532144892 1.6707259350452879
5.076202568849471 1.848390302694384 3.079160735616071 0.7145121460745484 -0.05001487867873612 1.108657463293676
6.58938111232079 6.4953557130869495 3.138858847337441 0.9658876414174977 0.6440052523039391 -0.8043822755848213
1.8241334034226795 0.5041084302807859 5.661976274965261 -1.3940223727501986 0.8532838812915419 -2.041907476590055
4.879481175251213 7.9251820345164985 7.085534878477361 -0.7178973592992527 -2.0763357373253952 -2.2974546353806478
6.6813828524995875 2.326525673660174 2.4225579931153933 -1.1015488504161228 -0.47639464718944124 -0.4601254945350439
3.754490493275109 6.101582663149288 1.4802616922543852 1.053344841010989 0.7608422829852678 1.2924041085681106
6.455310493529047 3.3746209926253723 1.5089415825572277 0.0036995612882882722 0.8254392395679014 -0.09691924496953844
3.0394890167739237 1.0429799077928 4.099018415674233 -0.21657322940875903 -0.9374801458298967 -0.4705552699573391
4.13464518853086 2.261843520607181 7.904163540970818 -1.8350323337413146 0.11261123171141238 -0.6656141762461424
3.7764244097745343 3.6667708086705235 6.65044837932224 -0.596340584296257 -0.6780952062482467 0.8538050453085264
0.2873093072167444 7.394344896839136 1.049138728244434 2.2663307209069505 0.10071078570830172 -0.7842248554546739
0.740408916607763 0.5089564895408426 5.580676660965565 -0.026025314386472584 0.9613166082088702 -1.4659650658490095
6.70595182986455 7.25136119276332 2.313833290290738 -1.359469225435864 0.4570616553044081 -1.4266884591124582
4.110909130103578 1.8524099766890358 3.8505312552841793 -1.808386688756986 -1.235999285730057 -0.38490892386626147
1.7227104730182328 6.3730984726785715 3.7055661595823763 0.7019634187256518 0.8510469187517125 0.9089636905144373
3.601566108597508 3.300884173728375 3.5219495413620168 -1.2813926622529523 1.5493019650720037 -1.0598542106237636
4.6794952417101765 6.890059133212044 3.4933132357548837 1.6181870589058542 0.24713391122918665 0.8497410000073327
5.435785108435875 0.963376055462941 6.275241820899805 0.13256396699650597 0.48187200747917713 0.1894754024042013
6.865127856767823 0.7375132021817037 1.6563924168418196 2.4901231830162716 0.4715414619560827 0.016893600141327333
2.909312215189601 0.5228216163918413 3.109069679937239 1.161795887320896 -0.6408239284844685 -0.2700893663776727
7.673989489449095 5.7736214241361985 1.51504730888312 1.0982818833528718 -1.2152671530492414 -0.581596901792244
2.6677339916157554 7.040973107916006 3.0405082706299176 -0.35784255055730857 -0.7479502318499094 -1.5354456006998867
2.1417558778957706 0.05819124708832262 2.1442498795421505 -0.37789220949031366 -0.09234366316682613 1.0729786087118311
5.275484981205993 1.3667618866485225 1.8765727474360854 0.8051589057854578 0.8753059993625195 1.170236815442329
1.9585245214201326 0.9908946595324852 3.762750706039293 -0.34590127528020953 -0.7527399688154172 0.498605722708958
6.70510303994716 0.9016227699480531 3.1041758230880694 -1.2421134971910024 -2.4647475252071906 -0.9415565846001304
2.083260255941257 7.799753929803718 6.717943967584828 0.266716183813683 -0.5609965128755169 -1.3972974307692452
5.604858320133549 6.14875718941874 3.3841855172226034 -0.9542460604644015 -0.575302378081659 -1.6553072516394782
4.882779303144647 1.4247121607133217 7.503879828582229 0.5214402631214411 0.9488586408431543 -0.41112556640997416
0.8670369244595084 7.082655736813123 2.844864462565811 0.30658113567902606 1.204731535841816 -0.5334430115875788
5.650629907592846 7.9038814381097 3.452786514008642 -0.3400643017033246 -0.1764931072276317 -3.566158672565067
1.8182559018717726 5.675223082844586 4.513373821118686 0.8675316977438798 0.281558146149774 0.2806967850071759
1.1498403492207923 0.009521375494291426 3.448446785761961 -0.09424881956820158 -0.35616512043156817 0.6156901320769234
4.857033619171708 2.962233049329764 7.8047602602223725 2.4723068864047564 -0.1639380824216096 0.13619541010487585
3.2228025338809685 6.471780626133687 7.9078554317688035 -0.11542992078783032 -0.3859553238328086 1.0442388750959348
3.3560496452154873 6.8792156324774405 6.726462072496128 0.7178587354868284 0.900701730232929 1.0349380101350687
0.9728772007245192 0.22164428426272445 6.996702721434303 1.4439458692265161 -2.012059686055846 -0.3990577231573271
0.4851897914803431 1.1096453891086318 6.5069083143359405 0.23847265518092975 -0.5312747898601378 -0.34954950310226257
0.8596445050100445 6.330257816550148 1.487073394245884 0.9141438129248034 -0.5058757717637187 -2.2568095111462743
2.932661818045777 2.734261670173368 2.187454949744771 0.8451507549910464 -0.6070078008272709 -0.62385043032152
4.975233029898295 0.6534933833188812 3.8800294043112395 1.824671824692782 -1.7383328773441098 -0.2561678649973358
2.6148844863725835 7.1689364826401825 1.514082080085803 -1.34566904074399 -0.45994361821887775 1.0587597025512647
6.414276530038071 5.313658584248234 6.899192220773151 -0.9747826722242415 -0.6236771284529381 -0.5667396660420764
3.1015163414632427 7.7319585411004805 0.7637842933763561 1.0871818747551123 -0.2754760201997344 0.3979547140622698
3.211010234542325 5.5295974988598084 6.806945678165851 1.5316783138963694 0.99319460786095 1.3362350598452049
0.7934796083804966 6.036908060892649 2.467338039299204 -2.721759082401078 0.31832754541944397 2.11177378002921
2.9049721087891442 1.8665180374139736 3.489683900727539 -1.1375972928336298 1.3026345996784876 1.5124227847130107
5.794170210763758 4.056330419773868 4.212687668204897 -0.8277616839468644 1.6952737972634009 -1.4910493241006937
0.4707063582180623 4.198630816555908 3.177481546214268 1.0827326807697597 -0.8141953003078556 0.3396331927436532
1.2778921620038657 0.3990094653368831 0.01405419298264223 -0.017140895245497945 -0.9264985672767515 0.1268293306248548
4.75228832675399 2.957728396919155 1.4286743946943268 -0.03806967989776073 0.5516657920171044 1.416051269173055
4.444179073771923 4.490499549006882 2.6202197069159876 1.0253390533739228 1.528273684316543 1.240163198298655
7.3252765231009995 1.7149463064731651 5.375056112566302 -0.2935989020440998 0.1185209140211028 -0.4973916483293073
5.92164460164543 0.8935200422237367 4.194470176536889 -0.4748423965792396 0.9172130196309278 1.8703755708957652
3.566951209587816 3.5223312385096763 1.7172145847046065 1.348992578517774 -0.034236791194663094 1.5080918195468231
7.639674006820859 2.331058060105809 6.756372137057298 -1.069285942082072 1.2523428112680035 -0.4606919743630895
5.703067265183173 1.0465342612181314 0.5683589264476575 -0.26383639979969187 -1.2915171779251002 -0.8272372032241865
6.702313860826382 5.9392739766754055 5.697596386391731 1.6329230416550058 1.0996765781593287 1.4120828657389288
4.135265377724286 7.463838650617986 2.8247595212892973 -1.133721891527151 0.8257296004436748 -0.4008023561735305
1.0385503143206636 6.5549583604541155 4.518992909324888 0.3821753209292653 -0.9689198352521307 -1.7295474307584464
6.151941705229868 2.0629179697154107 3.443567224819382 0.8043324039990032 -0.8784992499545716 -0.637996000256248
3.843424798680492 2.8956441707418987 4.520161082616071 -1.2103889298831767 -1.4168108148494472 -0.49950522677522563
2.9158390905788774 5.092124000756933 5.95408127690793 0.2083616966570352 -0.3995752746222955 1.1753930718541676
3.5988605016908446 7.6000995461244765 1.8311072239300146 0.9825196101252779 0.15763095653418593 -0.8353941950767
4.002446812079483 1.094413472402455 5.774934249995363 0.14546394837770826 -0.32526253841906366 -1.1103754359356368
3.259265370040667 7.649188257456722 3.718141833471299 0.1420915519478435 -1.5444582609491615 2.1984413004266363
7.81698102531834 0.8606789109843795 3.516136984004527 0.1336951463662825 -0.16717724851190932 0.8746384979059867
1.3679031026161237 6.496628481883624 0.3306523103109928 1.7422086301787494 0.044824841404147164 1.116956537757538
4.951841196581418 3.5229418195354856 6.7491901417597955 -1.615763817923185 0.49173522818605214 -0.8487478377732723
5.519675453724103 5.835356385537332 6.285127569002105 -1.1432204680369962 -0.21985643135432265 -0.23195653610002392
0.06862437691201644 2.8142130673235703 1.658909408038434 -0.2120317667930825 -0.7045001455732574 -0.1735981005816153
0.008576200059164834 1.2214562338287291 2.154986919965564 0.20992397925839054 0.7911997564005459 1.0968031748108267
1.709579447808932 1.4978352068229834 0.9171386344960171 -1.4918319031112937 -0.16334673220256735 1.1077870343534082
6.924142136317854 3.81608921638319 7.543085641663401 -0.19919307305903583 -0.42693556137607 -0.436703853438845
6.5492776215696935 5.820606401233346 2.2031581711888353 0.31922107337699274 -0.9061203123241476 -0.009255281035717256
2.2665995824299605 7.222779123246003 3.9128397594807134 0.43208637447658316 1.889207810188815 1.5333277162188748
0.8131011874481882 5.047853730644819 2.767087045406906 -0.8130924025693067 1.4326509288846612 -2.4844441395523305
5.545024500014574 7.211137941577233 5.173476431695206 -0.015222802992710057 0.2975444667436201 0.12445110579376709
2.287330962275505 0.7910823750581093 6.971404661647101 -0.19079971581864436 0.004912061889862767 0.9891945724002364
2.9985631684581313 6.602441907798961 5.14030770118452 1.3234903446398185 -0.15040329619636378 -1.299809245272495
1.3457607373776423 2.6704711683196063 3.247478314353461 -1.726762295374549 1.7503763040640727 0.1594401701066358
5.73399291229379 0.5980929353951197 2.4643577535352184 -0.9656876501755328 -1.189135635061668 -0.03799912505749209
6.392998725571156 2.423120512766908 1.0485133128801456 0.48161689732249 2.2762779598762455 -0.7627520118752142
2.1497200392166578 5.533768335250071 2.848237103324758 -0.33057571888174736 -0.4710582181780616 0.12163069815179534
5.603747923665126 2.9433050583646883 3.739729395432107 -1.511945639924239 0.3387722381299708 -0.8529924081704451
6.4349152633672695 7.814419279249787 5.230342036049573 0.19791633440917453 -0.7219667905720557 1.637782920659594
5.752826583953184 5.466029253869343 7.87681720015259 -0.3841003622014595 -1.3027210580530482 0.8888679992605707
1.7301510263812399 6.575533267774706 2.088797144662717 0.687382383390662 -3.328919013721106 -0.8362250153661257
5.805863065939645 6.204144807036395 1.2831335346031618 -0.05523303907737584 1.5522662819490118 0.06038616174975078
4.460331901363393 0.7719871462884608 2.636493887400833 0.9318336688479599 0.2180397136912905 0.37451790686062686
2.341122667120756 4.473271518653259 0.22204649350018849 0.1608464381388084 0.944344336145384 -2.307273961195061
4.531983703324962 6.673994365628975 1.728792040858435 0.8912671221821954 -0.2718884253450148 -0.5104232853152544
4.539315643303155 1.9509643215214494 5.886337829927335 -1.453530177510459 0.5655176812230481 0.5235467438450958
1.374310917517312 6.977108725747086 7.405540207546103 -1.1496538194823152 0.4189236655034296 -0.42017917211653266
5.6480714858013625 7.2452599159772095 6.255380581007845 -0.22095174043030463 0.6473043834190895 1.828153299290097
1.327041835163914 7.742636291358938 4.411396716985526 -0.6766149340626637 -0.1504151914750542 0.21946618198189966
6.933770713919286 0.08623948122806278 3.7378408029740977 0.12026138411664647 -0.17111784226322685 0.6457555466945762
6.991885572649446 4.587348032422224 1.7853055085756573 0.258545342123096 1.5096536540414511 0.7430451939182322
5.468977678291332 6.963551848095474 2.6883930123000144 1.0487185649075255 0.8664896013317375 1.0107846182115083
7.864971145606804 5.632317203509312 3.1173747794227036 -0.10399206742625769 0.5060577622360958 -0.11333840927414049
5.612146256677296 3.3433541558694864 2.7820178853871163 0.30599121861176715 -0.6200293064531995 0.43380446166576947
4.534344363698209 3.101261765657418 5.928396411523 -0.4527770642155472 -1.2972733852076055 0.8318937524300315
7.640790686523375 6.5123907530648335 2.17381621536918 -0.7372461720785846 0.42478829554698483 -1.1287336538894357
4.072091211536376 1.9943199482294223 2.201131013044719 0.9243611228915075 0.04691345649675037 0.7990204827797595
7.907446415690818 7.550217686139757 3.2321425303637907 0.9083251587512523 -0.9493126837797796 0.6786121205090183
4.378546229170806 3.368529561365256 2.4813796932615837 3.0925202000279977 -1.1227027326092471 -1.15939086094571
3.2576618753274325 6.634647209191677 2.208951757846929 1.908509348034261 1.6275337140737514 0.31276518670967624
5.040524844386949 5.814704091670238 7.306018578103422 1.0685964712681613 -2.6673139579003045 0.5011124513023968
7.107855973229609 6.518935361404912 6.897458024610593 -0.3471859220885654 0.42047472544252573 -0.37460120011852105
6.696355370484864 6.6909198083743195 0.9593621231533813 1.0855574553572729 -1.3634121398308914 -0.7075311627957392
0.7927636599212556 5.575518363762 4.143599329345872 -0.522822523973155 -0.138865288538241 -0.7336894952782771
1.9008635648335837 1.2454291042275383 2.686309231969327 0.2581749686813811 0.9840005277678731 -0.15283803320752679
4.9844458724628256 0.09779385609848447 0.2502259802296007 -0.5286242197595827 1.0815639725153587 -0.23692376343859134
0.3831422687762073 3.024734229856415 2.8915751854084233 -0.05986060440388119 -0.8041119903445649 0.8641492484108497
4.093039321559751 7.0302221001274425 7.42727688339651 0.8146299681862361 1.1331191509543517 1.7608065878907375
7.271379219066699 2.4859732856725505 3.572618661703746 -0.7881116717037739 0.24374416373023103 -0.5170435112378235
7.187374958533431 4.579662335771463 3.0903330315479147 1.7378363644481079 0.8710489745097739 0.3513517430663692
2.1339120613762925 7.199874319734534 0.07150695319206152 1.4408558887978384 -0.3818158379036023 -1.6135939529320595
7.000673153236187 3.3973636706311003 2.6364806985991334 0.1471820655320275 1.2190165804647706 -0.08142794082047315
